<?xml version="1.0" encoding="UTF-8"?>
<testsuite xmlns:xsi="http://www.w3.org/2001/XMLSchema-instance" xsi:noNamespaceSchemaLocation="https://maven.apache.org/surefire/maven-surefire-plugin/xsd/surefire-test-report-3.0.xsd" version="3.0" name="edu.bu.met.cs665.GymMonitorTest" time="0.093" tests="2" errors="0" skipped="0" failures="0">
  <properties>
[...]
</properties>
  <testcase name="testValidEntry" classname="edu.bu.met.cs665.GymMonitorTest" time="0.032">
    <system-out><![CDATA[Access granted for BUID: BUID123
]]></system-out>
  </testcase>
  <testcase name="testViolationLogged" classname="edu.bu.met.cs665.GymMonitorTest" time="0.035"/>
</testsuite>